<?xml version="1.0" encoding="UTF-8"?>
<!-- Generated by org.testng.reporters.JUnitReportReporter -->
<testsuite hostname="DESKTOP-GQBKCBI" failures="0" tests="1" name="Tests.SingleDataSet" time="64.982" errors="0" timestamp="2022-06-30T18:25:20 IST" skipped="0">
  <testcase classname="Tests.SingleDataSet" name="SingleSetData" time="64.982"/>
  <system-out/>
</testsuite> <!-- Tests.SingleDataSet -->
