<?xml version="1.0" encoding="UTF-8"?>
<!-- Generated by org.testng.reporters.JUnitReportReporter -->
<testsuite hostname="DESKTOP-GQBKCBI" failures="0" tests="2" name="Tests.MultipleTest" time="69.869" errors="0" timestamp="2022-06-30T18:25:20 IST" skipped="0">
  <testcase classname="Tests.MultipleTest" name="LoginChecking" time="26.886"/>
  <system-out/>
  <testcase classname="Tests.MultipleTest" name="LoginChecking" time="42.983"/>
  <system-out/>
</testsuite> <!-- Tests.MultipleTest -->
