<?xml version="1.0" encoding="UTF-8"?>
<!-- Generated by org.testng.reporters.JUnitReportReporter -->
<testsuite hostname="DESKTOP-GQBKCBI" failures="0" tests="2" name="Tests.MultipleTest" time="50.225" errors="0" timestamp="2022-06-30T23:46:37 IST" skipped="0">
  <testcase classname="Tests.MultipleTest" name="LoginChecking" time="25.131"/>
  <system-out/>
  <testcase classname="Tests.MultipleTest" name="LoginChecking" time="25.094"/>
  <system-out/>
</testsuite> <!-- Tests.MultipleTest -->
