<?xml version="1.0" encoding="UTF-8"?>
<!-- Generated by org.testng.reporters.JUnitReportReporter -->
<testsuite hostname="DESKTOP-GQBKCBI" failures="0" tests="1" name="Tests.InitializeTest" time="0.372" errors="0" timestamp="2022-06-30T23:46:37 IST" skipped="0">
  <testcase classname="Tests.InitializeTest" name="LaunchBrowser" time="0.372"/>
  <system-out/>
</testsuite> <!-- Tests.InitializeTest -->
